<?xml version="1.0" encoding="UTF-8"?>
<!-- Generated by org.testng.reporters.JUnitReportReporter -->
<testsuite hostname="S_sneha1314" failures="0" tests="1" name="ProductTest.Signup" time="31.963" errors="0" timestamp="2025-06-14T19:09:32 IST" skipped="0">
  <testcase classname="ProductTest.Signup" name="signup" time="31.963"/>
  <system-out/>
</testsuite> <!-- ProductTest.Signup -->
