<?xml version="1.0" encoding="UTF-8"?>
<!-- Generated by org.testng.reporters.JUnitReportReporter -->
<testsuite hostname="S_sneha1314" failures="0" tests="1" name="ProductTest.Logout" time="7.453" errors="0" timestamp="2025-06-14T19:16:36 IST" skipped="0">
  <testcase classname="ProductTest.Logout" name="userLogout" time="7.453"/>
  <system-out>
    <![CDATA[Signout Successful]]>
  </system-out>
</testsuite> <!-- ProductTest.Logout -->
