<?xml version="1.0" encoding="UTF-8"?>
<!-- Generated by org.testng.reporters.JUnitReportReporter -->
<testsuite hostname="S_sneha1314" failures="0" tests="1" name="ProductTest.UpadatePassword" time="13.695" errors="0" timestamp="2025-06-14T19:18:17 IST" skipped="0">
  <testcase classname="ProductTest.UpadatePassword" name="userchangepassword" time="13.695"/>
  <system-out/>
</testsuite> <!-- ProductTest.UpadatePassword -->
