<?xml version="1.0" encoding="UTF-8"?>
<!-- Generated by org.testng.reporters.JUnitReportReporter -->
<testsuite hostname="S_sneha1314" failures="0" tests="1" name="ProductTest.Login" time="9.382" errors="0" timestamp="2025-06-14T19:10:56 IST" skipped="0">
  <testcase classname="ProductTest.Login" name="userlogin" time="9.382"/>
  <system-out>
    <![CDATA[Login successful]]>
  </system-out>
</testsuite> <!-- ProductTest.Login -->
